<?xml version="1.0" encoding="UTF-8"?>
<testsuite xmlns:xsi="http://www.w3.org/2001/XMLSchema-instance" xsi:noNamespaceSchemaLocation="https://maven.apache.org/surefire/maven-surefire-plugin/xsd/surefire-test-report-3.0.xsd" version="3.0" name="DCPT.DCPT1224.Dcpt1224ApplicationTests" time="3.853" tests="1" errors="0" skipped="0" failures="1">
  <properties>
    <property name="java.specification.version" value="17"/>
    <property name="sun.jnu.encoding" value="UTF-8"/>
    <property name="java.class.path" value="/Users/sashfaqhussain/Downloads/multivariance/target/test-classes:/Users/sashfaqhussain/Downloads/multivariance/target/classes:/Users/sashfaqhussain/.m2/repository/io/harness/ff-java-server-sdk/1.6.0/ff-java-server-sdk-1.6.0.jar:/Users/sashfaqhussain/.m2/repository/com/squareup/okhttp3/okhttp/4.12.0/okhttp-4.12.0.jar:/Users/sashfaqhussain/.m2/repository/com/squareup/okio/okio/3.6.0/okio-3.6.0.jar:/Users/sashfaqhussain/.m2/repository/com/squareup/okio/okio-jvm/3.6.0/okio-jvm-3.6.0.jar:/Users/sashfaqhussain/.m2/repository/org/jetbrains/kotlin/kotlin-stdlib-common/1.9.23/kotlin-stdlib-common-1.9.23.jar:/Users/sashfaqhussain/.m2/repository/org/jetbrains/kotlin/kotlin-stdlib-jdk8/1.9.23/kotlin-stdlib-jdk8-1.9.23.jar:/Users/sashfaqhussain/.m2/repository/org/jetbrains/kotlin/kotlin-stdlib/1.9.23/kotlin-stdlib-1.9.23.jar:/Users/sashfaqhussain/.m2/repository/org/jetbrains/annotations/13.0/annotations-13.0.jar:/Users/sashfaqhussain/.m2/repository/org/jetbrains/kotlin/kotlin-stdlib-jdk7/1.9.23/kotlin-stdlib-jdk7-1.9.23.jar:/Users/sashfaqhussain/.m2/repository/com/squareup/okhttp3/logging-interceptor/4.12.0/logging-interceptor-4.12.0.jar:/Users/sashfaqhussain/.m2/repository/io/gsonfire/gson-fire/1.7.1/gson-fire-1.7.1.jar:/Users/sashfaqhussain/.m2/repository/com/google/code/gson/gson/2.10.1/gson-2.10.1.jar:/Users/sashfaqhussain/.m2/repository/com/google/code/findbugs/jsr305/3.0.2/jsr305-3.0.2.jar:/Users/sashfaqhussain/.m2/repository/com/github/ben-manes/caffeine/caffeine/3.1.8/caffeine-3.1.8.jar:/Users/sashfaqhussain/.m2/repository/org/checkerframework/checker-qual/3.37.0/checker-qual-3.37.0.jar:/Users/sashfaqhussain/.m2/repository/com/google/errorprone/error_prone_annotations/2.21.1/error_prone_annotations-2.21.1.jar:/Users/sashfaqhussain/.m2/repository/com/sangupta/murmur/1.0.0/murmur-1.0.0.jar:/Users/sashfaqhussain/.m2/repository/io/swagger/swagger-annotations/1.6.2/swagger-annotations-1.6.2.jar:/Users/sashfaqhussain/.m2/repository/javax/annotation/javax.annotation-api/1.2/javax.annotation-api-1.2.jar:/Users/sashfaqhussain/.m2/repository/org/slf4j/slf4j-api/2.0.13/slf4j-api-2.0.13.jar:/Users/sashfaqhussain/.m2/repository/org/springframework/boot/spring-boot-starter-web/3.2.5/spring-boot-starter-web-3.2.5.jar:/Users/sashfaqhussain/.m2/repository/org/springframework/boot/spring-boot-starter/3.2.5/spring-boot-starter-3.2.5.jar:/Users/sashfaqhussain/.m2/repository/org/springframework/boot/spring-boot/3.2.5/spring-boot-3.2.5.jar:/Users/sashfaqhussain/.m2/repository/org/springframework/boot/spring-boot-autoconfigure/3.2.5/spring-boot-autoconfigure-3.2.5.jar:/Users/sashfaqhussain/.m2/repository/org/springframework/boot/spring-boot-starter-logging/3.2.5/spring-boot-starter-logging-3.2.5.jar:/Users/sashfaqhussain/.m2/repository/ch/qos/logback/logback-classic/1.4.14/logback-classic-1.4.14.jar:/Users/sashfaqhussain/.m2/repository/ch/qos/logback/logback-core/1.4.14/logback-core-1.4.14.jar:/Users/sashfaqhussain/.m2/repository/org/apache/logging/log4j/log4j-to-slf4j/2.21.1/log4j-to-slf4j-2.21.1.jar:/Users/sashfaqhussain/.m2/repository/org/apache/logging/log4j/log4j-api/2.21.1/log4j-api-2.21.1.jar:/Users/sashfaqhussain/.m2/repository/org/slf4j/jul-to-slf4j/2.0.13/jul-to-slf4j-2.0.13.jar:/Users/sashfaqhussain/.m2/repository/jakarta/annotation/jakarta.annotation-api/2.1.1/jakarta.annotation-api-2.1.1.jar:/Users/sashfaqhussain/.m2/repository/org/yaml/snakeyaml/2.2/snakeyaml-2.2.jar:/Users/sashfaqhussain/.m2/repository/org/springframework/boot/spring-boot-starter-json/3.2.5/spring-boot-starter-json-3.2.5.jar:/Users/sashfaqhussain/.m2/repository/com/fasterxml/jackson/core/jackson-databind/2.15.4/jackson-databind-2.15.4.jar:/Users/sashfaqhussain/.m2/repository/com/fasterxml/jackson/core/jackson-annotations/2.15.4/jackson-annotations-2.15.4.jar:/Users/sashfaqhussain/.m2/repository/com/fasterxml/jackson/core/jackson-core/2.15.4/jackson-core-2.15.4.jar:/Users/sashfaqhussain/.m2/repository/com/fasterxml/jackson/datatype/jackson-datatype-jdk8/2.15.4/jackson-datatype-jdk8-2.15.4.jar:/Users/sashfaqhussain/.m2/repository/com/fasterxml/jackson/datatype/jackson-datatype-jsr310/2.15.4/jackson-datatype-jsr310-2.15.4.jar:/Users/sashfaqhussain/.m2/repository/com/fasterxml/jackson/module/jackson-module-parameter-names/2.15.4/jackson-module-parameter-names-2.15.4.jar:/Users/sashfaqhussain/.m2/repository/org/springframework/boot/spring-boot-starter-tomcat/3.2.5/spring-boot-starter-tomcat-3.2.5.jar:/Users/sashfaqhussain/.m2/repository/org/apache/tomcat/embed/tomcat-embed-core/10.1.20/tomcat-embed-core-10.1.20.jar:/Users/sashfaqhussain/.m2/repository/org/apache/tomcat/embed/tomcat-embed-el/10.1.20/tomcat-embed-el-10.1.20.jar:/Users/sashfaqhussain/.m2/repository/org/apache/tomcat/embed/tomcat-embed-websocket/10.1.20/tomcat-embed-websocket-10.1.20.jar:/Users/sashfaqhussain/.m2/repository/org/springframework/spring-web/6.1.6/spring-web-6.1.6.jar:/Users/sashfaqhussain/.m2/repository/org/springframework/spring-beans/6.1.6/spring-beans-6.1.6.jar:/Users/sashfaqhussain/.m2/repository/io/micrometer/micrometer-observation/1.12.5/micrometer-observation-1.12.5.jar:/Users/sashfaqhussain/.m2/repository/io/micrometer/micrometer-commons/1.12.5/micrometer-commons-1.12.5.jar:/Users/sashfaqhussain/.m2/repository/org/springframework/spring-webmvc/6.1.6/spring-webmvc-6.1.6.jar:/Users/sashfaqhussain/.m2/repository/org/springframework/spring-aop/6.1.6/spring-aop-6.1.6.jar:/Users/sashfaqhussain/.m2/repository/org/springframework/spring-context/6.1.6/spring-context-6.1.6.jar:/Users/sashfaqhussain/.m2/repository/org/springframework/spring-expression/6.1.6/spring-expression-6.1.6.jar:/Users/sashfaqhussain/.m2/repository/org/projectlombok/lombok/1.18.32/lombok-1.18.32.jar:/Users/sashfaqhussain/.m2/repository/org/springframework/boot/spring-boot-starter-test/3.2.5/spring-boot-starter-test-3.2.5.jar:/Users/sashfaqhussain/.m2/repository/org/springframework/boot/spring-boot-test/3.2.5/spring-boot-test-3.2.5.jar:/Users/sashfaqhussain/.m2/repository/org/springframework/boot/spring-boot-test-autoconfigure/3.2.5/spring-boot-test-autoconfigure-3.2.5.jar:/Users/sashfaqhussain/.m2/repository/com/jayway/jsonpath/json-path/2.9.0/json-path-2.9.0.jar:/Users/sashfaqhussain/.m2/repository/jakarta/xml/bind/jakarta.xml.bind-api/4.0.2/jakarta.xml.bind-api-4.0.2.jar:/Users/sashfaqhussain/.m2/repository/jakarta/activation/jakarta.activation-api/2.1.3/jakarta.activation-api-2.1.3.jar:/Users/sashfaqhussain/.m2/repository/net/minidev/json-smart/2.5.1/json-smart-2.5.1.jar:/Users/sashfaqhussain/.m2/repository/net/minidev/accessors-smart/2.5.1/accessors-smart-2.5.1.jar:/Users/sashfaqhussain/.m2/repository/org/ow2/asm/asm/9.6/asm-9.6.jar:/Users/sashfaqhussain/.m2/repository/org/assertj/assertj-core/3.24.2/assertj-core-3.24.2.jar:/Users/sashfaqhussain/.m2/repository/net/bytebuddy/byte-buddy/1.14.13/byte-buddy-1.14.13.jar:/Users/sashfaqhussain/.m2/repository/org/awaitility/awaitility/4.2.1/awaitility-4.2.1.jar:/Users/sashfaqhussain/.m2/repository/org/hamcrest/hamcrest/2.2/hamcrest-2.2.jar:/Users/sashfaqhussain/.m2/repository/org/junit/jupiter/junit-jupiter/5.10.2/junit-jupiter-5.10.2.jar:/Users/sashfaqhussain/.m2/repository/org/junit/jupiter/junit-jupiter-api/5.10.2/junit-jupiter-api-5.10.2.jar:/Users/sashfaqhussain/.m2/repository/org/opentest4j/opentest4j/1.3.0/opentest4j-1.3.0.jar:/Users/sashfaqhussain/.m2/repository/org/junit/platform/junit-platform-commons/1.10.2/junit-platform-commons-1.10.2.jar:/Users/sashfaqhussain/.m2/repository/org/apiguardian/apiguardian-api/1.1.2/apiguardian-api-1.1.2.jar:/Users/sashfaqhussain/.m2/repository/org/junit/jupiter/junit-jupiter-params/5.10.2/junit-jupiter-params-5.10.2.jar:/Users/sashfaqhussain/.m2/repository/org/junit/jupiter/junit-jupiter-engine/5.10.2/junit-jupiter-engine-5.10.2.jar:/Users/sashfaqhussain/.m2/repository/org/junit/platform/junit-platform-engine/1.10.2/junit-platform-engine-1.10.2.jar:/Users/sashfaqhussain/.m2/repository/org/mockito/mockito-core/5.7.0/mockito-core-5.7.0.jar:/Users/sashfaqhussain/.m2/repository/net/bytebuddy/byte-buddy-agent/1.14.13/byte-buddy-agent-1.14.13.jar:/Users/sashfaqhussain/.m2/repository/org/objenesis/objenesis/3.3/objenesis-3.3.jar:/Users/sashfaqhussain/.m2/repository/org/mockito/mockito-junit-jupiter/5.7.0/mockito-junit-jupiter-5.7.0.jar:/Users/sashfaqhussain/.m2/repository/org/skyscreamer/jsonassert/1.5.1/jsonassert-1.5.1.jar:/Users/sashfaqhussain/.m2/repository/com/vaadin/external/google/android-json/0.0.20131108.vaadin1/android-json-0.0.20131108.vaadin1.jar:/Users/sashfaqhussain/.m2/repository/org/springframework/spring-core/6.1.6/spring-core-6.1.6.jar:/Users/sashfaqhussain/.m2/repository/org/springframework/spring-jcl/6.1.6/spring-jcl-6.1.6.jar:/Users/sashfaqhussain/.m2/repository/org/springframework/spring-test/6.1.6/spring-test-6.1.6.jar:/Users/sashfaqhussain/.m2/repository/org/xmlunit/xmlunit-core/2.9.1/xmlunit-core-2.9.1.jar:"/>
    <property name="java.vm.vendor" value="Amazon.com Inc."/>
    <property name="sun.arch.data.model" value="64"/>
    <property name="catalina.useNaming" value="false"/>
    <property name="java.vendor.url" value="https://aws.amazon.com/corretto/"/>
    <property name="user.timezone" value="Asia/Kolkata"/>
    <property name="os.name" value="Mac OS X"/>
    <property name="java.vm.specification.version" value="17"/>
    <property name="SDK" value="JAVA"/>
    <property name="sun.java.launcher" value="SUN_STANDARD"/>
    <property name="user.country" value="IN"/>
    <property name="sun.boot.library.path" value="/Library/Java/JavaVirtualMachines/amazon-corretto-17.jdk/Contents/Home/lib"/>
    <property name="sun.java.command" value="/Users/sashfaqhussain/Downloads/multivariance/target/surefire/surefirebooter-20240612124303148_3.jar /Users/sashfaqhussain/Downloads/multivariance/target/surefire 2024-06-12T12-43-02_941-jvmRun1 surefire-20240612124303148_1tmp surefire_0-20240612124303148_2tmp"/>
    <property name="http.nonProxyHosts" value="local|*.local|169.254/16|*.169.254/16"/>
    <property name="jdk.debug" value="release"/>
    <property name="surefire.test.class.path" value="/Users/sashfaqhussain/Downloads/multivariance/target/test-classes:/Users/sashfaqhussain/Downloads/multivariance/target/classes:/Users/sashfaqhussain/.m2/repository/io/harness/ff-java-server-sdk/1.6.0/ff-java-server-sdk-1.6.0.jar:/Users/sashfaqhussain/.m2/repository/com/squareup/okhttp3/okhttp/4.12.0/okhttp-4.12.0.jar:/Users/sashfaqhussain/.m2/repository/com/squareup/okio/okio/3.6.0/okio-3.6.0.jar:/Users/sashfaqhussain/.m2/repository/com/squareup/okio/okio-jvm/3.6.0/okio-jvm-3.6.0.jar:/Users/sashfaqhussain/.m2/repository/org/jetbrains/kotlin/kotlin-stdlib-common/1.9.23/kotlin-stdlib-common-1.9.23.jar:/Users/sashfaqhussain/.m2/repository/org/jetbrains/kotlin/kotlin-stdlib-jdk8/1.9.23/kotlin-stdlib-jdk8-1.9.23.jar:/Users/sashfaqhussain/.m2/repository/org/jetbrains/kotlin/kotlin-stdlib/1.9.23/kotlin-stdlib-1.9.23.jar:/Users/sashfaqhussain/.m2/repository/org/jetbrains/annotations/13.0/annotations-13.0.jar:/Users/sashfaqhussain/.m2/repository/org/jetbrains/kotlin/kotlin-stdlib-jdk7/1.9.23/kotlin-stdlib-jdk7-1.9.23.jar:/Users/sashfaqhussain/.m2/repository/com/squareup/okhttp3/logging-interceptor/4.12.0/logging-interceptor-4.12.0.jar:/Users/sashfaqhussain/.m2/repository/io/gsonfire/gson-fire/1.7.1/gson-fire-1.7.1.jar:/Users/sashfaqhussain/.m2/repository/com/google/code/gson/gson/2.10.1/gson-2.10.1.jar:/Users/sashfaqhussain/.m2/repository/com/google/code/findbugs/jsr305/3.0.2/jsr305-3.0.2.jar:/Users/sashfaqhussain/.m2/repository/com/github/ben-manes/caffeine/caffeine/3.1.8/caffeine-3.1.8.jar:/Users/sashfaqhussain/.m2/repository/org/checkerframework/checker-qual/3.37.0/checker-qual-3.37.0.jar:/Users/sashfaqhussain/.m2/repository/com/google/errorprone/error_prone_annotations/2.21.1/error_prone_annotations-2.21.1.jar:/Users/sashfaqhussain/.m2/repository/com/sangupta/murmur/1.0.0/murmur-1.0.0.jar:/Users/sashfaqhussain/.m2/repository/io/swagger/swagger-annotations/1.6.2/swagger-annotations-1.6.2.jar:/Users/sashfaqhussain/.m2/repository/javax/annotation/javax.annotation-api/1.2/javax.annotation-api-1.2.jar:/Users/sashfaqhussain/.m2/repository/org/slf4j/slf4j-api/2.0.13/slf4j-api-2.0.13.jar:/Users/sashfaqhussain/.m2/repository/org/springframework/boot/spring-boot-starter-web/3.2.5/spring-boot-starter-web-3.2.5.jar:/Users/sashfaqhussain/.m2/repository/org/springframework/boot/spring-boot-starter/3.2.5/spring-boot-starter-3.2.5.jar:/Users/sashfaqhussain/.m2/repository/org/springframework/boot/spring-boot/3.2.5/spring-boot-3.2.5.jar:/Users/sashfaqhussain/.m2/repository/org/springframework/boot/spring-boot-autoconfigure/3.2.5/spring-boot-autoconfigure-3.2.5.jar:/Users/sashfaqhussain/.m2/repository/org/springframework/boot/spring-boot-starter-logging/3.2.5/spring-boot-starter-logging-3.2.5.jar:/Users/sashfaqhussain/.m2/repository/ch/qos/logback/logback-classic/1.4.14/logback-classic-1.4.14.jar:/Users/sashfaqhussain/.m2/repository/ch/qos/logback/logback-core/1.4.14/logback-core-1.4.14.jar:/Users/sashfaqhussain/.m2/repository/org/apache/logging/log4j/log4j-to-slf4j/2.21.1/log4j-to-slf4j-2.21.1.jar:/Users/sashfaqhussain/.m2/repository/org/apache/logging/log4j/log4j-api/2.21.1/log4j-api-2.21.1.jar:/Users/sashfaqhussain/.m2/repository/org/slf4j/jul-to-slf4j/2.0.13/jul-to-slf4j-2.0.13.jar:/Users/sashfaqhussain/.m2/repository/jakarta/annotation/jakarta.annotation-api/2.1.1/jakarta.annotation-api-2.1.1.jar:/Users/sashfaqhussain/.m2/repository/org/yaml/snakeyaml/2.2/snakeyaml-2.2.jar:/Users/sashfaqhussain/.m2/repository/org/springframework/boot/spring-boot-starter-json/3.2.5/spring-boot-starter-json-3.2.5.jar:/Users/sashfaqhussain/.m2/repository/com/fasterxml/jackson/core/jackson-databind/2.15.4/jackson-databind-2.15.4.jar:/Users/sashfaqhussain/.m2/repository/com/fasterxml/jackson/core/jackson-annotations/2.15.4/jackson-annotations-2.15.4.jar:/Users/sashfaqhussain/.m2/repository/com/fasterxml/jackson/core/jackson-core/2.15.4/jackson-core-2.15.4.jar:/Users/sashfaqhussain/.m2/repository/com/fasterxml/jackson/datatype/jackson-datatype-jdk8/2.15.4/jackson-datatype-jdk8-2.15.4.jar:/Users/sashfaqhussain/.m2/repository/com/fasterxml/jackson/datatype/jackson-datatype-jsr310/2.15.4/jackson-datatype-jsr310-2.15.4.jar:/Users/sashfaqhussain/.m2/repository/com/fasterxml/jackson/module/jackson-module-parameter-names/2.15.4/jackson-module-parameter-names-2.15.4.jar:/Users/sashfaqhussain/.m2/repository/org/springframework/boot/spring-boot-starter-tomcat/3.2.5/spring-boot-starter-tomcat-3.2.5.jar:/Users/sashfaqhussain/.m2/repository/org/apache/tomcat/embed/tomcat-embed-core/10.1.20/tomcat-embed-core-10.1.20.jar:/Users/sashfaqhussain/.m2/repository/org/apache/tomcat/embed/tomcat-embed-el/10.1.20/tomcat-embed-el-10.1.20.jar:/Users/sashfaqhussain/.m2/repository/org/apache/tomcat/embed/tomcat-embed-websocket/10.1.20/tomcat-embed-websocket-10.1.20.jar:/Users/sashfaqhussain/.m2/repository/org/springframework/spring-web/6.1.6/spring-web-6.1.6.jar:/Users/sashfaqhussain/.m2/repository/org/springframework/spring-beans/6.1.6/spring-beans-6.1.6.jar:/Users/sashfaqhussain/.m2/repository/io/micrometer/micrometer-observation/1.12.5/micrometer-observation-1.12.5.jar:/Users/sashfaqhussain/.m2/repository/io/micrometer/micrometer-commons/1.12.5/micrometer-commons-1.12.5.jar:/Users/sashfaqhussain/.m2/repository/org/springframework/spring-webmvc/6.1.6/spring-webmvc-6.1.6.jar:/Users/sashfaqhussain/.m2/repository/org/springframework/spring-aop/6.1.6/spring-aop-6.1.6.jar:/Users/sashfaqhussain/.m2/repository/org/springframework/spring-context/6.1.6/spring-context-6.1.6.jar:/Users/sashfaqhussain/.m2/repository/org/springframework/spring-expression/6.1.6/spring-expression-6.1.6.jar:/Users/sashfaqhussain/.m2/repository/org/projectlombok/lombok/1.18.32/lombok-1.18.32.jar:/Users/sashfaqhussain/.m2/repository/org/springframework/boot/spring-boot-starter-test/3.2.5/spring-boot-starter-test-3.2.5.jar:/Users/sashfaqhussain/.m2/repository/org/springframework/boot/spring-boot-test/3.2.5/spring-boot-test-3.2.5.jar:/Users/sashfaqhussain/.m2/repository/org/springframework/boot/spring-boot-test-autoconfigure/3.2.5/spring-boot-test-autoconfigure-3.2.5.jar:/Users/sashfaqhussain/.m2/repository/com/jayway/jsonpath/json-path/2.9.0/json-path-2.9.0.jar:/Users/sashfaqhussain/.m2/repository/jakarta/xml/bind/jakarta.xml.bind-api/4.0.2/jakarta.xml.bind-api-4.0.2.jar:/Users/sashfaqhussain/.m2/repository/jakarta/activation/jakarta.activation-api/2.1.3/jakarta.activation-api-2.1.3.jar:/Users/sashfaqhussain/.m2/repository/net/minidev/json-smart/2.5.1/json-smart-2.5.1.jar:/Users/sashfaqhussain/.m2/repository/net/minidev/accessors-smart/2.5.1/accessors-smart-2.5.1.jar:/Users/sashfaqhussain/.m2/repository/org/ow2/asm/asm/9.6/asm-9.6.jar:/Users/sashfaqhussain/.m2/repository/org/assertj/assertj-core/3.24.2/assertj-core-3.24.2.jar:/Users/sashfaqhussain/.m2/repository/net/bytebuddy/byte-buddy/1.14.13/byte-buddy-1.14.13.jar:/Users/sashfaqhussain/.m2/repository/org/awaitility/awaitility/4.2.1/awaitility-4.2.1.jar:/Users/sashfaqhussain/.m2/repository/org/hamcrest/hamcrest/2.2/hamcrest-2.2.jar:/Users/sashfaqhussain/.m2/repository/org/junit/jupiter/junit-jupiter/5.10.2/junit-jupiter-5.10.2.jar:/Users/sashfaqhussain/.m2/repository/org/junit/jupiter/junit-jupiter-api/5.10.2/junit-jupiter-api-5.10.2.jar:/Users/sashfaqhussain/.m2/repository/org/opentest4j/opentest4j/1.3.0/opentest4j-1.3.0.jar:/Users/sashfaqhussain/.m2/repository/org/junit/platform/junit-platform-commons/1.10.2/junit-platform-commons-1.10.2.jar:/Users/sashfaqhussain/.m2/repository/org/apiguardian/apiguardian-api/1.1.2/apiguardian-api-1.1.2.jar:/Users/sashfaqhussain/.m2/repository/org/junit/jupiter/junit-jupiter-params/5.10.2/junit-jupiter-params-5.10.2.jar:/Users/sashfaqhussain/.m2/repository/org/junit/jupiter/junit-jupiter-engine/5.10.2/junit-jupiter-engine-5.10.2.jar:/Users/sashfaqhussain/.m2/repository/org/junit/platform/junit-platform-engine/1.10.2/junit-platform-engine-1.10.2.jar:/Users/sashfaqhussain/.m2/repository/org/mockito/mockito-core/5.7.0/mockito-core-5.7.0.jar:/Users/sashfaqhussain/.m2/repository/net/bytebuddy/byte-buddy-agent/1.14.13/byte-buddy-agent-1.14.13.jar:/Users/sashfaqhussain/.m2/repository/org/objenesis/objenesis/3.3/objenesis-3.3.jar:/Users/sashfaqhussain/.m2/repository/org/mockito/mockito-junit-jupiter/5.7.0/mockito-junit-jupiter-5.7.0.jar:/Users/sashfaqhussain/.m2/repository/org/skyscreamer/jsonassert/1.5.1/jsonassert-1.5.1.jar:/Users/sashfaqhussain/.m2/repository/com/vaadin/external/google/android-json/0.0.20131108.vaadin1/android-json-0.0.20131108.vaadin1.jar:/Users/sashfaqhussain/.m2/repository/org/springframework/spring-core/6.1.6/spring-core-6.1.6.jar:/Users/sashfaqhussain/.m2/repository/org/springframework/spring-jcl/6.1.6/spring-jcl-6.1.6.jar:/Users/sashfaqhussain/.m2/repository/org/springframework/spring-test/6.1.6/spring-test-6.1.6.jar:/Users/sashfaqhussain/.m2/repository/org/xmlunit/xmlunit-core/2.9.1/xmlunit-core-2.9.1.jar:"/>
    <property name="sun.cpu.endian" value="little"/>
    <property name="user.home" value="/Users/sashfaqhussain"/>
    <property name="user.language" value="en"/>
    <property name="java.specification.vendor" value="Oracle Corporation"/>
    <property name="java.version.date" value="2024-04-16"/>
    <property name="java.home" value="/Library/Java/JavaVirtualMachines/amazon-corretto-17.jdk/Contents/Home"/>
    <property name="version" value="1.6.0"/>
    <property name="file.separator" value="/"/>
    <property name="style.color" value="always"/>
    <property name="basedir" value="/Users/sashfaqhussain/Downloads/multivariance"/>
    <property name="java.vm.compressedOopsMode" value="Zero based"/>
    <property name="line.separator" value="&#10;"/>
    <property name="java.vm.specification.vendor" value="Oracle Corporation"/>
    <property name="java.specification.name" value="Java Platform API Specification"/>
    <property name="FILE_LOG_CHARSET" value="UTF-8"/>
    <property name="java.awt.headless" value="true"/>
    <property name="surefire.real.class.path" value="/Users/sashfaqhussain/Downloads/multivariance/target/surefire/surefirebooter-20240612124303148_3.jar"/>
    <property name="sun.management.compiler" value="HotSpot 64-Bit Tiered Compilers"/>
    <property name="ftp.nonProxyHosts" value="local|*.local|169.254/16|*.169.254/16"/>
    <property name="java.runtime.version" value="17.0.11+9-LTS"/>
    <property name="user.name" value="sashfaqhussain"/>
    <property name="path.separator" value=":"/>
    <property name="os.version" value="14.5"/>
    <property name="java.runtime.name" value="OpenJDK Runtime Environment"/>
    <property name="file.encoding" value="UTF-8"/>
    <property name="java.vm.name" value="OpenJDK 64-Bit Server VM"/>
    <property name="java.vendor.version" value="Corretto-17.0.11.9.1"/>
    <property name="localRepository" value="/Users/sashfaqhussain/.m2/repository"/>
    <property name="java.vendor.url.bug" value="https://github.com/corretto/corretto-17/issues/"/>
    <property name="java.io.tmpdir" value="/var/folders/sm/rytgq1nd7xj7y0x555bsx7100000gp/T/"/>
    <property name="catalina.home" value="/private/var/folders/sm/rytgq1nd7xj7y0x555bsx7100000gp/T/tomcat.0.1932202900065099764"/>
    <property name="java.version" value="17.0.11"/>
    <property name="user.dir" value="/Users/sashfaqhussain/Downloads/multivariance"/>
    <property name="os.arch" value="aarch64"/>
    <property name="java.vm.specification.name" value="Java Virtual Machine Specification"/>
    <property name="PID" value="29030"/>
    <property name="CONSOLE_LOG_CHARSET" value="UTF-8"/>
    <property name="catalina.base" value="/private/var/folders/sm/rytgq1nd7xj7y0x555bsx7100000gp/T/tomcat.0.1932202900065099764"/>
    <property name="native.encoding" value="UTF-8"/>
    <property name="java.library.path" value="/Users/sashfaqhussain/Library/Java/Extensions:/Library/Java/Extensions:/Network/Library/Java/Extensions:/System/Library/Java/Extensions:/usr/lib/java:."/>
    <property name="java.vm.info" value="mixed mode, sharing"/>
    <property name="java.vendor" value="Amazon.com Inc."/>
    <property name="java.vm.version" value="17.0.11+9-LTS"/>
    <property name="sun.io.unicode.encoding" value="UnicodeBig"/>
    <property name="socksNonProxyHosts" value="local|*.local|169.254/16|*.169.254/16"/>
    <property name="java.class.version" value="61.0"/>
    <property name="LOGGED_APPLICATION_NAME" value="[DCPT-1224] "/>
  </properties>
  <testcase name="testGetFFStringVariation" classname="DCPT.DCPT1224.Dcpt1224ApplicationTests" time="0.665">
    <failure message="expected: &lt;All&gt; but was: &lt;{&quot;timestamp&quot;:&quot;2024-06-12T07:13:07.497+00:00&quot;,&quot;status&quot;:404,&quot;error&quot;:&quot;Not Found&quot;,&quot;path&quot;:&quot;/user/flag-string-variation&quot;}&gt;" type="org.opentest4j.AssertionFailedError"><![CDATA[org.opentest4j.AssertionFailedError: expected: <All> but was: <{"timestamp":"2024-06-12T07:13:07.497+00:00","status":404,"error":"Not Found","path":"/user/flag-string-variation"}>
	at org.junit.jupiter.api.AssertionFailureBuilder.build(AssertionFailureBuilder.java:151)
	at org.junit.jupiter.api.AssertionFailureBuilder.buildAndThrow(AssertionFailureBuilder.java:132)
	at org.junit.jupiter.api.AssertEquals.failNotEqual(AssertEquals.java:197)
	at org.junit.jupiter.api.AssertEquals.assertEquals(AssertEquals.java:182)
	at org.junit.jupiter.api.AssertEquals.assertEquals(AssertEquals.java:177)
	at org.junit.jupiter.api.Assertions.assertEquals(Assertions.java:1145)
	at DCPT.DCPT1224.Dcpt1224ApplicationTests.testGetFFStringVariation(Dcpt1224ApplicationTests.java:32)
	at java.base/java.lang.reflect.Method.invoke(Method.java:568)
	at java.base/java.util.ArrayList.forEach(ArrayList.java:1511)
	at java.base/java.util.ArrayList.forEach(ArrayList.java:1511)
]]></failure>
    <system-out><![CDATA[12:43:03.797 [main] INFO org.springframework.test.context.support.AnnotationConfigContextLoaderUtils -- Could not detect default configuration classes for test class [DCPT.DCPT1224.Dcpt1224ApplicationTests]: Dcpt1224ApplicationTests does not declare any static, non-private, non-final, nested classes annotated with @Configuration.
12:43:03.850 [main] INFO org.springframework.boot.test.context.SpringBootTestContextBootstrapper -- Found @SpringBootConfiguration DCPT.DCPT1224.Dcpt1224Application for test class DCPT.DCPT1224.Dcpt1224ApplicationTests

  .   ____          _            __ _ _
 /\\ / ___'_ __ _ _(_)_ __  __ _ \ \ \ \
( ( )\___ | '_ | '_| | '_ \/ _` | \ \ \ \
 \\/  ___)| |_)| | | | | || (_| |  ) ) ) )
  '  |____| .__|_| |_|_| |_\__, | / / / /
 =========|_|==============|___/=/_/_/_/
 :: Spring Boot ::                (v3.2.5)

2024-06-12T12:43:04.037+05:30  INFO 29030 --- [DCPT-1224] [           main] DCPT.DCPT1224.Dcpt1224ApplicationTests   : Starting Dcpt1224ApplicationTests using Java 17.0.11 with PID 29030 (started by sashfaqhussain in /Users/sashfaqhussain/Downloads/multivariance)
2024-06-12T12:43:04.038+05:30  INFO 29030 --- [DCPT-1224] [           main] DCPT.DCPT1224.Dcpt1224ApplicationTests   : No active profile set, falling back to 1 default profile: "default"
2024-06-12T12:43:04.489+05:30  INFO 29030 --- [DCPT-1224] [           main] o.s.b.w.embedded.tomcat.TomcatWebServer  : Tomcat initialized with port 0 (http)
2024-06-12T12:43:04.496+05:30  INFO 29030 --- [DCPT-1224] [           main] o.apache.catalina.core.StandardService   : Starting service [Tomcat]
2024-06-12T12:43:04.496+05:30  INFO 29030 --- [DCPT-1224] [           main] o.apache.catalina.core.StandardEngine    : Starting Servlet engine: [Apache Tomcat/10.1.20]
2024-06-12T12:43:04.531+05:30  INFO 29030 --- [DCPT-1224] [           main] o.a.c.c.C.[Tomcat].[localhost].[/]       : Initializing Spring embedded WebApplicationContext
2024-06-12T12:43:04.532+05:30  INFO 29030 --- [DCPT-1224] [           main] w.s.c.ServletWebServerApplicationContext : Root WebApplicationContext: initialization completed in 486 ms
2024-06-12T12:43:04.745+05:30  INFO 29030 --- [DCPT-1224] [           main] io.harness.cf.client.api.InnerClient     : Starting SDK client with configuration: BaseConfig(streamEnabled=true, pollIntervalInSeconds=60, analyticsEnabled=true, globalTargetEnabled=true, sdkCode6001Suppressed=false, frequency=60, bufferSize=5000, allAttributesPrivate=false, privateAttributes=[], debug=false, metricsServiceAcceptableDuration=10000, cache=io.harness.cf.client.api.CaffeineCache@2668c286, store=null)
2024-06-12T12:43:04.748+05:30  INFO 29030 --- [DCPT-1224] [           main] io.harness.cf.client.api.InnerClient     : Wait for initialization to finish
2024-06-12T12:43:05.694+05:30  INFO 29030 --- [DCPT-1224] [     AuthThread] i.h.c.client.connector.HarnessConnector  : Successfully authenticated
2024-06-12T12:43:05.697+05:30  INFO 29030 --- [DCPT-1224] [     AuthThread] io.harness.cf.client.common.SdkCodes     : SDKCODE(auth:2000): Authenticated ok 
2024-06-12T12:43:05.697+05:30  INFO 29030 --- [DCPT-1224] [     AuthThread] io.harness.cf.client.common.SdkCodes     : SDKCODE(poll:4000): Polling started, intervalMs: 60000
2024-06-12T12:43:05.698+05:30  INFO 29030 --- [DCPT-1224] [     AuthThread] i.h.cf.client.connector.EventSource      : EventSource connecting with url https://config.ff.harness.io/api/1.0/stream?cluster=1 and headers {Authorization=*, Harness-EnvironmentID=test, Harness-SDK-Info=Java 1.6.0 Server, Harness-AccountID=SMrzpuH4Qfa0KwQjjOUbog, API-Key=*}
2024-06-12T12:43:05.700+05:30  INFO 29030 --- [DCPT-1224] [     AuthThread] io.harness.cf.client.common.SdkCodes     : SDKCODE(metric:7000): Metrics thread started, intervalMs: 60000
2024-06-12T12:43:06.013+05:30  INFO 29030 --- [DCPT-1224] [.harness.io/...] io.harness.cf.client.common.SdkCodes     : SDKCODE(stream:5000): SSE stream connected ok 
2024-06-12T12:43:06.708+05:30  INFO 29030 --- [DCPT-1224] [     PollThread] io.harness.cf.client.common.SdkCodes     : SDKCODE(init:1000): The SDK has successfully initialized 
2024-06-12T12:43:06.853+05:30  INFO 29030 --- [DCPT-1224] [           main] o.s.b.w.embedded.tomcat.TomcatWebServer  : Tomcat started on port 54603 (http) with context path ''
2024-06-12T12:43:06.858+05:30  INFO 29030 --- [DCPT-1224] [           main] DCPT.DCPT1224.Dcpt1224ApplicationTests   : Started Dcpt1224ApplicationTests in 2.945 seconds (process running for 3.589)
2024-06-12T12:43:07.479+05:30  INFO 29030 --- [DCPT-1224] [o-auto-1-exec-1] o.a.c.c.C.[Tomcat].[localhost].[/]       : Initializing Spring DispatcherServlet 'dispatcherServlet'
2024-06-12T12:43:07.479+05:30  INFO 29030 --- [DCPT-1224] [o-auto-1-exec-1] o.s.web.servlet.DispatcherServlet        : Initializing Servlet 'dispatcherServlet'
2024-06-12T12:43:07.479+05:30  INFO 29030 --- [DCPT-1224] [o-auto-1-exec-1] o.s.web.servlet.DispatcherServlet        : Completed initialization in 0 ms
]]></system-out>
  </testcase>
</testsuite>